<?xml version="1.0" encoding="UTF-8"?>
<testsuite xmlns:xsi="http://www.w3.org/2001/XMLSchema-instance" xsi:noNamespaceSchemaLocation="https://maven.apache.org/surefire/maven-surefire-plugin/xsd/surefire-test-report-3.0.xsd" version="3.0" name="sicredi.SuiteTestes" time="9.98" tests="10" errors="0" skipped="0" failures="0">
  <properties>
    <property name="java.specification.version" value="17"/>
    <property name="sun.jnu.encoding" value="UTF-8"/>
    <property name="java.class.path" value="/Users/fernandoandrade/git/desafio-sicred2/sicredi/target/test-classes:/Users/fernandoandrade/git/desafio-sicred2/sicredi/target/classes:/Users/fernandoandrade/.m2/repository/junit/junit/4.13.2/junit-4.13.2.jar:/Users/fernandoandrade/.m2/repository/org/hamcrest/hamcrest-core/1.3/hamcrest-core-1.3.jar:/Users/fernandoandrade/.m2/repository/io/rest-assured/rest-assured/4.3.3/rest-assured-4.3.3.jar:/Users/fernandoandrade/.m2/repository/org/codehaus/groovy/groovy/3.0.7/groovy-3.0.7.jar:/Users/fernandoandrade/.m2/repository/org/codehaus/groovy/groovy-xml/3.0.7/groovy-xml-3.0.7.jar:/Users/fernandoandrade/.m2/repository/org/apache/httpcomponents/httpclient/4.5.3/httpclient-4.5.3.jar:/Users/fernandoandrade/.m2/repository/org/apache/httpcomponents/httpcore/4.4.6/httpcore-4.4.6.jar:/Users/fernandoandrade/.m2/repository/commons-logging/commons-logging/1.2/commons-logging-1.2.jar:/Users/fernandoandrade/.m2/repository/commons-codec/commons-codec/1.9/commons-codec-1.9.jar:/Users/fernandoandrade/.m2/repository/org/apache/httpcomponents/httpmime/4.5.3/httpmime-4.5.3.jar:/Users/fernandoandrade/.m2/repository/org/hamcrest/hamcrest/2.1/hamcrest-2.1.jar:/Users/fernandoandrade/.m2/repository/org/ccil/cowan/tagsoup/tagsoup/1.2.1/tagsoup-1.2.1.jar:/Users/fernandoandrade/.m2/repository/io/rest-assured/json-path/4.3.3/json-path-4.3.3.jar:/Users/fernandoandrade/.m2/repository/org/codehaus/groovy/groovy-json/3.0.7/groovy-json-3.0.7.jar:/Users/fernandoandrade/.m2/repository/io/rest-assured/rest-assured-common/4.3.3/rest-assured-common-4.3.3.jar:/Users/fernandoandrade/.m2/repository/io/rest-assured/xml-path/4.3.3/xml-path-4.3.3.jar:/Users/fernandoandrade/.m2/repository/org/apache/commons/commons-lang3/3.11/commons-lang3-3.11.jar:/Users/fernandoandrade/.m2/repository/jakarta/xml/bind/jakarta.xml.bind-api/2.3.3/jakarta.xml.bind-api-2.3.3.jar:/Users/fernandoandrade/.m2/repository/jakarta/activation/jakarta.activation-api/1.2.2/jakarta.activation-api-1.2.2.jar:/Users/fernandoandrade/.m2/repository/com/sun/xml/bind/jaxb-impl/2.3.3/jaxb-impl-2.3.3.jar:/Users/fernandoandrade/.m2/repository/com/googlecode/json-simple/json-simple/1.1/json-simple-1.1.jar:/Users/fernandoandrade/.m2/repository/io/qameta/allure/allure-rest-assured/2.17.3/allure-rest-assured-2.17.3.jar:/Users/fernandoandrade/.m2/repository/io/qameta/allure/allure-attachments/2.17.3/allure-attachments-2.17.3.jar:/Users/fernandoandrade/.m2/repository/org/freemarker/freemarker/2.3.31/freemarker-2.3.31.jar:/Users/fernandoandrade/.m2/repository/io/qameta/allure/allure-junit4/2.27.0/allure-junit4-2.27.0.jar:/Users/fernandoandrade/.m2/repository/io/qameta/allure/allure-java-commons/2.27.0/allure-java-commons-2.27.0.jar:/Users/fernandoandrade/.m2/repository/org/slf4j/slf4j-api/1.7.36/slf4j-api-1.7.36.jar:/Users/fernandoandrade/.m2/repository/io/qameta/allure/allure-model/2.27.0/allure-model-2.27.0.jar:/Users/fernandoandrade/.m2/repository/io/qameta/allure/allure-test-filter/2.27.0/allure-test-filter-2.27.0.jar:"/>
    <property name="java.vm.vendor" value="Oracle Corporation"/>
    <property name="sun.arch.data.model" value="64"/>
    <property name="java.vendor.url" value="https://java.oracle.com/"/>
    <property name="os.name" value="Mac OS X"/>
    <property name="java.vm.specification.version" value="17"/>
    <property name="sun.java.launcher" value="SUN_STANDARD"/>
    <property name="user.country" value="BR"/>
    <property name="sun.boot.library.path" value="/Library/Java/JavaVirtualMachines/jdk-17.jdk/Contents/Home/lib"/>
    <property name="sun.java.command" value="/Users/fernandoandrade/git/desafio-sicred2/sicredi/target/surefire/surefirebooter1619075174242167946.jar /Users/fernandoandrade/git/desafio-sicred2/sicredi/target/surefire 2024-05-20T09-09-59_232-jvmRun1 surefire6164326830018978253tmp surefire_07397770821034754379tmp"/>
    <property name="http.nonProxyHosts" value="local|*.local|169.254/16|*.169.254/16"/>
    <property name="jdk.debug" value="release"/>
    <property name="surefire.test.class.path" value="/Users/fernandoandrade/git/desafio-sicred2/sicredi/target/test-classes:/Users/fernandoandrade/git/desafio-sicred2/sicredi/target/classes:/Users/fernandoandrade/.m2/repository/junit/junit/4.13.2/junit-4.13.2.jar:/Users/fernandoandrade/.m2/repository/org/hamcrest/hamcrest-core/1.3/hamcrest-core-1.3.jar:/Users/fernandoandrade/.m2/repository/io/rest-assured/rest-assured/4.3.3/rest-assured-4.3.3.jar:/Users/fernandoandrade/.m2/repository/org/codehaus/groovy/groovy/3.0.7/groovy-3.0.7.jar:/Users/fernandoandrade/.m2/repository/org/codehaus/groovy/groovy-xml/3.0.7/groovy-xml-3.0.7.jar:/Users/fernandoandrade/.m2/repository/org/apache/httpcomponents/httpclient/4.5.3/httpclient-4.5.3.jar:/Users/fernandoandrade/.m2/repository/org/apache/httpcomponents/httpcore/4.4.6/httpcore-4.4.6.jar:/Users/fernandoandrade/.m2/repository/commons-logging/commons-logging/1.2/commons-logging-1.2.jar:/Users/fernandoandrade/.m2/repository/commons-codec/commons-codec/1.9/commons-codec-1.9.jar:/Users/fernandoandrade/.m2/repository/org/apache/httpcomponents/httpmime/4.5.3/httpmime-4.5.3.jar:/Users/fernandoandrade/.m2/repository/org/hamcrest/hamcrest/2.1/hamcrest-2.1.jar:/Users/fernandoandrade/.m2/repository/org/ccil/cowan/tagsoup/tagsoup/1.2.1/tagsoup-1.2.1.jar:/Users/fernandoandrade/.m2/repository/io/rest-assured/json-path/4.3.3/json-path-4.3.3.jar:/Users/fernandoandrade/.m2/repository/org/codehaus/groovy/groovy-json/3.0.7/groovy-json-3.0.7.jar:/Users/fernandoandrade/.m2/repository/io/rest-assured/rest-assured-common/4.3.3/rest-assured-common-4.3.3.jar:/Users/fernandoandrade/.m2/repository/io/rest-assured/xml-path/4.3.3/xml-path-4.3.3.jar:/Users/fernandoandrade/.m2/repository/org/apache/commons/commons-lang3/3.11/commons-lang3-3.11.jar:/Users/fernandoandrade/.m2/repository/jakarta/xml/bind/jakarta.xml.bind-api/2.3.3/jakarta.xml.bind-api-2.3.3.jar:/Users/fernandoandrade/.m2/repository/jakarta/activation/jakarta.activation-api/1.2.2/jakarta.activation-api-1.2.2.jar:/Users/fernandoandrade/.m2/repository/com/sun/xml/bind/jaxb-impl/2.3.3/jaxb-impl-2.3.3.jar:/Users/fernandoandrade/.m2/repository/com/googlecode/json-simple/json-simple/1.1/json-simple-1.1.jar:/Users/fernandoandrade/.m2/repository/io/qameta/allure/allure-rest-assured/2.17.3/allure-rest-assured-2.17.3.jar:/Users/fernandoandrade/.m2/repository/io/qameta/allure/allure-attachments/2.17.3/allure-attachments-2.17.3.jar:/Users/fernandoandrade/.m2/repository/org/freemarker/freemarker/2.3.31/freemarker-2.3.31.jar:/Users/fernandoandrade/.m2/repository/io/qameta/allure/allure-junit4/2.27.0/allure-junit4-2.27.0.jar:/Users/fernandoandrade/.m2/repository/io/qameta/allure/allure-java-commons/2.27.0/allure-java-commons-2.27.0.jar:/Users/fernandoandrade/.m2/repository/org/slf4j/slf4j-api/1.7.36/slf4j-api-1.7.36.jar:/Users/fernandoandrade/.m2/repository/io/qameta/allure/allure-model/2.27.0/allure-model-2.27.0.jar:/Users/fernandoandrade/.m2/repository/io/qameta/allure/allure-test-filter/2.27.0/allure-test-filter-2.27.0.jar:"/>
    <property name="sun.cpu.endian" value="little"/>
    <property name="user.home" value="/Users/fernandoandrade"/>
    <property name="user.language" value="en"/>
    <property name="java.specification.vendor" value="Oracle Corporation"/>
    <property name="java.version.date" value="2024-01-16"/>
    <property name="java.home" value="/Library/Java/JavaVirtualMachines/jdk-17.jdk/Contents/Home"/>
    <property name="file.separator" value="/"/>
    <property name="style.color" value="always"/>
    <property name="basedir" value="/Users/fernandoandrade/git/desafio-sicred2/sicredi"/>
    <property name="java.vm.compressedOopsMode" value="Zero based"/>
    <property name="line.separator" value="&#10;"/>
    <property name="java.specification.name" value="Java Platform API Specification"/>
    <property name="java.vm.specification.vendor" value="Oracle Corporation"/>
    <property name="surefire.real.class.path" value="/Users/fernandoandrade/git/desafio-sicred2/sicredi/target/surefire/surefirebooter1619075174242167946.jar"/>
    <property name="sun.management.compiler" value="HotSpot 64-Bit Tiered Compilers"/>
    <property name="ftp.nonProxyHosts" value="local|*.local|169.254/16|*.169.254/16"/>
    <property name="java.runtime.version" value="17.0.10+11-LTS-240"/>
    <property name="user.name" value="fernandoandrade"/>
    <property name="path.separator" value=":"/>
    <property name="os.version" value="14.4.1"/>
    <property name="java.runtime.name" value="Java(TM) SE Runtime Environment"/>
    <property name="file.encoding" value="UTF-8"/>
    <property name="java.vm.name" value="Java HotSpot(TM) 64-Bit Server VM"/>
    <property name="localRepository" value="/Users/fernandoandrade/.m2/repository"/>
    <property name="java.vendor.url.bug" value="https://bugreport.java.com/bugreport/"/>
    <property name="java.io.tmpdir" value="/var/folders/0n/gqrylml92kbfc53zlr24rh_r0000gn/T/"/>
    <property name="java.version" value="17.0.10"/>
    <property name="user.dir" value="/Users/fernandoandrade/git/desafio-sicred2/sicredi"/>
    <property name="os.arch" value="aarch64"/>
    <property name="java.vm.specification.name" value="Java Virtual Machine Specification"/>
    <property name="native.encoding" value="UTF-8"/>
    <property name="java.library.path" value="/Users/fernandoandrade/Library/Java/Extensions:/Library/Java/Extensions:/Network/Library/Java/Extensions:/System/Library/Java/Extensions:/usr/lib/java:."/>
    <property name="java.vm.info" value="mixed mode, sharing"/>
    <property name="java.vendor" value="Oracle Corporation"/>
    <property name="java.vm.version" value="17.0.10+11-LTS-240"/>
    <property name="sun.io.unicode.encoding" value="UnicodeBig"/>
    <property name="socksNonProxyHosts" value="local|*.local|169.254/16|*.169.254/16"/>
    <property name="java.class.version" value="61.0"/>
  </properties>
  <testcase name="buscarProdutosComAutenticacao" classname="sicredi.SuiteTestes" time="2.318"/>
  <testcase name="buscarProdutosComAutenticacaoTokenInvalido" classname="sicredi.SuiteTestes" time="0.889"/>
  <testcase name="buscarTodosProdutos" classname="sicredi.SuiteTestes" time="0.819"/>
  <testcase name="buscarApenasUmProdutoPorID" classname="sicredi.SuiteTestes" time="0.727"/>
  <testcase name="buscarApenasUmProdutoPorIdInvalido" classname="sicredi.SuiteTestes" time="0.771"/>
  <testcase name="criacaoTokenAutenticacaoSenhaInvalida" classname="sicredi.SuiteTestes" time="0.997"/>
  <testcase name="criacaoTokenAutenticacao" classname="sicredi.SuiteTestes" time="0.875"/>
  <testcase name="criacaoProduto" classname="sicredi.SuiteTestes" time="0.716"/>
  <testcase name="buscarUsuarios" classname="sicredi.SuiteTestes" time="0.84"/>
  <testcase name="buscarStatusAplicacao" classname="sicredi.SuiteTestes" time="0.776"/>
</testsuite>